Error in file(file, "rt") : cannot open the connection
Calls: CreateInfercnvObject -> read.table -> file
In addition: Warning message:
In file(file, "rt") :
  cannot open file 'cellAnnotations_filtered_ST1R-Nuclei.txt': No such file or directory
Execution halted
Error in readChar(con, 5L, useBytes = TRUE) : cannot open the connection
Calls: load -> readChar
In addition: Warning message:
In readChar(con, 5L, useBytes = TRUE) :
  cannot open compressed file 'sc.10x.counts_BT084-PDX.RData', probable reason 'No such file or directory'
Execution halted
Error in readChar(con, 5L, useBytes = TRUE) : cannot open the connection
Calls: load -> readChar
In addition: Warning message:
In readChar(con, 5L, useBytes = TRUE) :
  cannot open compressed file 'sc.10x.counts_MB243-Nuclei.RData', probable reason 'No such file or directory'
Execution halted
Error in readChar(con, 5L, useBytes = TRUE) : cannot open the connection
Calls: load -> readChar
In addition: Warning message:
In readChar(con, 5L, useBytes = TRUE) :
  cannot open compressed file 'sc.10x.counts_RCMB18-PDX.RData', probable reason 'No such file or directory'
Execution halted
Error in readChar(con, 5L, useBytes = TRUE) : cannot open the connection
Calls: load -> readChar
In addition: Warning message:
In readChar(con, 5L, useBytes = TRUE) :
  cannot open compressed file 'sc.10x.counts_ST1R-Nuclei.RData', probable reason 'No such file or directory'
Execution halted
Error in readChar(con, 5L, useBytes = TRUE) : cannot open the connection
Calls: load -> readChar
In addition: Warning message:
In readChar(con, 5L, useBytes = TRUE) :
  cannot open compressed file 'sc.10x.counts_ST1R-PDX.RData', probable reason 'No such file or directory'
Execution halted
Error in readChar(con, 5L, useBytes = TRUE) : cannot open the connection
Calls: load -> readChar
In addition: Warning message:
In readChar(con, 5L, useBytes = TRUE) :
  cannot open compressed file 'sc.10x.counts_STP-Nuclei.RData', probable reason 'No such file or directory'
Execution halted
Error in readChar(con, 5L, useBytes = TRUE) : cannot open the connection
Calls: load -> readChar
In addition: Warning message:
In readChar(con, 5L, useBytes = TRUE) :
  cannot open compressed file 'sc.10x.counts_STP-PDX.RData', probable reason 'No such file or directory'
Execution halted
